<?xml version="1.0" encoding="UTF-8"?>
<testng-results ignored="0" total="1" passed="1" failed="0" skipped="0">
  <reporter-output>
  </reporter-output>
  <suite started-at="2023-12-19T22:14:25 EST" name="Default suite" finished-at="2023-12-19T22:14:37 EST" duration-ms="12563">
    <groups>
    </groups>
    <test started-at="2023-12-19T22:14:25 EST" name="Default test" finished-at="2023-12-19T22:14:37 EST" duration-ms="12563">
      <class name="test.LogingTest">
        <test-method signature="ValidUserSouldBeAbleToLogin()[pri:0, instance:test.LogingTest@7c24b813]" started-at="2023-12-19T22:14:25 EST" name="ValidUserSouldBeAbleToLogin" finished-at="2023-12-19T22:14:37 EST" duration-ms="12531" status="PASS">
          <reporter-output>
          </reporter-output>
        </test-method> <!-- ValidUserSouldBeAbleToLogin -->
      </class> <!-- test.LogingTest -->
    </test> <!-- Default test -->
  </suite> <!-- Default suite -->
</testng-results>
